mode: count
github.com/juanmachuca95/ahorcado_go/pkg/helpers/helpers.go:16.64,18.41 2 1
github.com/juanmachuca95/ahorcado_go/pkg/helpers/helpers.go:23.2,23.15 1 1
github.com/juanmachuca95/ahorcado_go/pkg/helpers/helpers.go:18.41,19.47 1 4
github.com/juanmachuca95/ahorcado_go/pkg/helpers/helpers.go:19.47,21.4 1 1
github.com/juanmachuca95/ahorcado_go/pkg/helpers/helpers.go:26.51,31.41 4 1
github.com/juanmachuca95/ahorcado_go/pkg/helpers/helpers.go:36.2,36.38 1 1
github.com/juanmachuca95/ahorcado_go/pkg/helpers/helpers.go:40.2,40.15 1 1
github.com/juanmachuca95/ahorcado_go/pkg/helpers/helpers.go:31.41,34.3 2 6
github.com/juanmachuca95/ahorcado_go/pkg/helpers/helpers.go:36.38,38.3 1 1
github.com/juanmachuca95/ahorcado_go/pkg/helpers/helpers.go:43.53,49.34 5 1
github.com/juanmachuca95/ahorcado_go/pkg/helpers/helpers.go:55.2,55.41 1 1
github.com/juanmachuca95/ahorcado_go/pkg/helpers/helpers.go:63.2,63.34 1 1
github.com/juanmachuca95/ahorcado_go/pkg/helpers/helpers.go:49.34,53.3 3 7
github.com/juanmachuca95/ahorcado_go/pkg/helpers/helpers.go:55.41,56.40 1 3
github.com/juanmachuca95/ahorcado_go/pkg/helpers/helpers.go:56.40,57.28 1 21
github.com/juanmachuca95/ahorcado_go/pkg/helpers/helpers.go:57.28,59.5 1 3
github.com/juanmachuca95/ahorcado_go/pkg/helpers/helpers.go:66.82,68.20 2 0
github.com/juanmachuca95/ahorcado_go/pkg/helpers/helpers.go:71.2,71.16 1 0
github.com/juanmachuca95/ahorcado_go/pkg/helpers/helpers.go:68.20,70.3 1 0
github.com/juanmachuca95/ahorcado_go/pkg/helpers/helpers.go:72.18,73.16 1 0
github.com/juanmachuca95/ahorcado_go/pkg/helpers/helpers.go:76.3,76.83 1 0
github.com/juanmachuca95/ahorcado_go/pkg/helpers/helpers.go:77.21,78.16 1 0
github.com/juanmachuca95/ahorcado_go/pkg/helpers/helpers.go:81.3,81.99 1 0
github.com/juanmachuca95/ahorcado_go/pkg/helpers/helpers.go:82.25,83.16 1 0
github.com/juanmachuca95/ahorcado_go/pkg/helpers/helpers.go:86.3,86.113 1 0
github.com/juanmachuca95/ahorcado_go/pkg/helpers/helpers.go:87.19,88.16 1 0
github.com/juanmachuca95/ahorcado_go/pkg/helpers/helpers.go:91.3,91.93 1 0
github.com/juanmachuca95/ahorcado_go/pkg/helpers/helpers.go:92.23,93.46 1 0
github.com/juanmachuca95/ahorcado_go/pkg/helpers/helpers.go:94.10,95.15 1 0
github.com/juanmachuca95/ahorcado_go/pkg/helpers/helpers.go:73.16,75.4 1 0
github.com/juanmachuca95/ahorcado_go/pkg/helpers/helpers.go:78.16,80.4 1 0
github.com/juanmachuca95/ahorcado_go/pkg/helpers/helpers.go:83.16,85.4 1 0
github.com/juanmachuca95/ahorcado_go/pkg/helpers/helpers.go:88.16,90.4 1 0
github.com/juanmachuca95/ahorcado_go/pkg/servicejwt/auth_jwt.go:23.30,27.2 1 0
github.com/juanmachuca95/ahorcado_go/pkg/servicejwt/auth_jwt.go:35.28,37.2 1 0
github.com/juanmachuca95/ahorcado_go/pkg/servicejwt/auth_jwt.go:39.83,48.16 4 0
github.com/juanmachuca95/ahorcado_go/pkg/servicejwt/auth_jwt.go:53.2,53.20 1 0
github.com/juanmachuca95/ahorcado_go/pkg/servicejwt/auth_jwt.go:48.16,50.13 2 0
github.com/juanmachuca95/ahorcado_go/pkg/servicejwt/auth_jwt.go:56.73,60.47 1 0
github.com/juanmachuca95/ahorcado_go/pkg/servicejwt/auth_jwt.go:70.2,70.16 1 0
github.com/juanmachuca95/ahorcado_go/pkg/servicejwt/auth_jwt.go:74.2,75.9 2 0
github.com/juanmachuca95/ahorcado_go/pkg/servicejwt/auth_jwt.go:79.2,79.20 1 0
github.com/juanmachuca95/ahorcado_go/pkg/servicejwt/auth_jwt.go:60.47,62.11 2 0
github.com/juanmachuca95/ahorcado_go/pkg/servicejwt/auth_jwt.go:66.4,66.35 1 0
github.com/juanmachuca95/ahorcado_go/pkg/servicejwt/auth_jwt.go:62.11,64.5 1 0
github.com/juanmachuca95/ahorcado_go/pkg/servicejwt/auth_jwt.go:70.16,72.3 1 0
github.com/juanmachuca95/ahorcado_go/pkg/servicejwt/auth_jwt.go:75.9,77.3 1 0
github.com/juanmachuca95/ahorcado_go/game/gateway/game_storage.go:42.60,44.2 1 0
github.com/juanmachuca95/ahorcado_go/game/gateway/game_storage.go:46.43,51.16 4 0
github.com/juanmachuca95/ahorcado_go/game/gateway/game_storage.go:55.2,55.12 1 0
github.com/juanmachuca95/ahorcado_go/game/gateway/game_storage.go:51.16,53.3 1 0
github.com/juanmachuca95/ahorcado_go/game/gateway/game_storage.go:58.53,70.16 6 0
github.com/juanmachuca95/ahorcado_go/game/gateway/game_storage.go:74.2,74.19 1 0
github.com/juanmachuca95/ahorcado_go/game/gateway/game_storage.go:70.16,72.3 1 0
github.com/juanmachuca95/ahorcado_go/game/gateway/game_storage.go:77.50,83.16 5 0
github.com/juanmachuca95/ahorcado_go/game/gateway/game_storage.go:87.2,87.19 1 0
github.com/juanmachuca95/ahorcado_go/game/gateway/game_storage.go:83.16,85.3 1 0
github.com/juanmachuca95/ahorcado_go/game/gateway/game_storage.go:90.48,93.16 3 0
github.com/juanmachuca95/ahorcado_go/game/gateway/game_storage.go:97.2,104.16 3 0
github.com/juanmachuca95/ahorcado_go/game/gateway/game_storage.go:108.2,108.12 1 0
github.com/juanmachuca95/ahorcado_go/game/gateway/game_storage.go:93.16,95.3 1 0
github.com/juanmachuca95/ahorcado_go/game/gateway/game_storage.go:104.16,106.3 1 0
github.com/juanmachuca95/ahorcado_go/game/gateway/game_storage.go:113.56,116.16 3 0
github.com/juanmachuca95/ahorcado_go/game/gateway/game_storage.go:120.2,121.40 2 0
github.com/juanmachuca95/ahorcado_go/game/gateway/game_storage.go:128.2,128.21 1 0
github.com/juanmachuca95/ahorcado_go/game/gateway/game_storage.go:132.2,132.19 1 0
github.com/juanmachuca95/ahorcado_go/game/gateway/game_storage.go:116.16,118.3 1 0
github.com/juanmachuca95/ahorcado_go/game/gateway/game_storage.go:121.40,123.17 2 0
github.com/juanmachuca95/ahorcado_go/game/gateway/game_storage.go:123.17,125.4 1 0
github.com/juanmachuca95/ahorcado_go/game/gateway/game_storage.go:128.21,130.3 1 0
github.com/juanmachuca95/ahorcado_go/game/gateway/game_storage.go:135.67,142.16 6 0
github.com/juanmachuca95/ahorcado_go/game/gateway/game_storage.go:146.2,146.19 1 0
github.com/juanmachuca95/ahorcado_go/game/gateway/game_storage.go:142.16,144.3 1 0
github.com/juanmachuca95/ahorcado_go/game/gateway/game_storage.go:149.70,151.16 2 0
github.com/juanmachuca95/ahorcado_go/game/gateway/game_storage.go:155.2,155.50 1 0
github.com/juanmachuca95/ahorcado_go/game/gateway/game_storage.go:160.2,160.40 1 0
github.com/juanmachuca95/ahorcado_go/game/gateway/game_storage.go:172.2,172.40 1 0
github.com/juanmachuca95/ahorcado_go/game/gateway/game_storage.go:177.2,178.46 2 0
github.com/juanmachuca95/ahorcado_go/game/gateway/game_storage.go:190.2,191.16 2 0
github.com/juanmachuca95/ahorcado_go/game/gateway/game_storage.go:195.2,196.18 2 0
github.com/juanmachuca95/ahorcado_go/game/gateway/game_storage.go:151.16,153.3 1 0
github.com/juanmachuca95/ahorcado_go/game/gateway/game_storage.go:155.50,158.3 2 0
github.com/juanmachuca95/ahorcado_go/game/gateway/game_storage.go:160.40,162.17 2 0
github.com/juanmachuca95/ahorcado_go/game/gateway/game_storage.go:167.3,169.19 3 0
github.com/juanmachuca95/ahorcado_go/game/gateway/game_storage.go:162.17,165.4 2 0
github.com/juanmachuca95/ahorcado_go/game/gateway/game_storage.go:172.40,175.3 2 0
github.com/juanmachuca95/ahorcado_go/game/gateway/game_storage.go:178.46,180.17 2 0
github.com/juanmachuca95/ahorcado_go/game/gateway/game_storage.go:185.3,187.19 3 0
github.com/juanmachuca95/ahorcado_go/game/gateway/game_storage.go:180.17,183.4 2 0
github.com/juanmachuca95/ahorcado_go/game/gateway/game_storage.go:191.16,193.3 1 0
github.com/juanmachuca95/ahorcado_go/game/gateway/game_storage.go:199.74,202.16 3 0
github.com/juanmachuca95/ahorcado_go/game/gateway/game_storage.go:206.2,212.16 3 0
github.com/juanmachuca95/ahorcado_go/game/gateway/game_storage.go:216.2,216.12 1 0
github.com/juanmachuca95/ahorcado_go/game/gateway/game_storage.go:202.16,204.3 1 0
github.com/juanmachuca95/ahorcado_go/game/gateway/game_storage.go:212.16,214.3 1 0
github.com/juanmachuca95/ahorcado_go/game/gateway/game_storage.go:219.92,222.16 3 0
github.com/juanmachuca95/ahorcado_go/game/gateway/game_storage.go:226.2,234.16 4 0
github.com/juanmachuca95/ahorcado_go/game/gateway/game_storage.go:238.2,238.18 1 0
github.com/juanmachuca95/ahorcado_go/game/gateway/game_storage.go:222.16,224.3 1 0
github.com/juanmachuca95/ahorcado_go/game/gateway/game_storage.go:234.16,236.3 1 0
github.com/juanmachuca95/ahorcado_go/game/gateway/game_storage.go:243.41,247.16 3 0
github.com/juanmachuca95/ahorcado_go/game/gateway/game_storage.go:251.2,252.12 2 0
github.com/juanmachuca95/ahorcado_go/game/gateway/game_storage.go:247.16,249.3 1 0
github.com/juanmachuca95/ahorcado_go/game/gateway/ranking_gateway.go:16.57,18.2 1 1
github.com/juanmachuca95/ahorcado_go/game/gateway/ranking_gateway.go:20.59,22.2 1 0
github.com/juanmachuca95/ahorcado_go/game/gateway/ranking_storage.go:20.59,22.2 1 1
github.com/juanmachuca95/ahorcado_go/game/gateway/ranking_storage.go:24.62,29.16 4 1
github.com/juanmachuca95/ahorcado_go/game/gateway/ranking_storage.go:34.2,35.61 2 1
github.com/juanmachuca95/ahorcado_go/game/gateway/ranking_storage.go:39.2,39.22 1 1
github.com/juanmachuca95/ahorcado_go/game/gateway/ranking_storage.go:29.16,31.3 1 0
github.com/juanmachuca95/ahorcado_go/game/gateway/ranking_storage.go:35.61,37.3 1 0
github.com/juanmachuca95/ahorcado_go/game/gateway/auth_gateway.go:17.53,19.2 1 0
github.com/juanmachuca95/ahorcado_go/game/gateway/auth_gateway.go:21.59,23.2 1 0
github.com/juanmachuca95/ahorcado_go/game/gateway/auth_gateway.go:25.62,27.2 1 0
github.com/juanmachuca95/ahorcado_go/game/gateway/auth_storage.go:26.60,28.2 1 0
github.com/juanmachuca95/ahorcado_go/game/gateway/auth_storage.go:30.62,36.16 5 0
github.com/juanmachuca95/ahorcado_go/game/gateway/auth_storage.go:40.2,40.99 1 0
github.com/juanmachuca95/ahorcado_go/game/gateway/auth_storage.go:44.2,46.16 3 0
github.com/juanmachuca95/ahorcado_go/game/gateway/auth_storage.go:50.2,50.19 1 0
github.com/juanmachuca95/ahorcado_go/game/gateway/auth_storage.go:36.16,38.3 1 0
github.com/juanmachuca95/ahorcado_go/game/gateway/auth_storage.go:40.99,42.3 1 0
github.com/juanmachuca95/ahorcado_go/game/gateway/auth_storage.go:46.16,48.3 1 0
github.com/juanmachuca95/ahorcado_go/game/gateway/auth_storage.go:53.65,59.16 5 0
github.com/juanmachuca95/ahorcado_go/game/gateway/auth_storage.go:63.2,64.16 2 0
github.com/juanmachuca95/ahorcado_go/game/gateway/auth_storage.go:68.2,71.16 4 0
github.com/juanmachuca95/ahorcado_go/game/gateway/auth_storage.go:75.2,77.16 3 0
github.com/juanmachuca95/ahorcado_go/game/gateway/auth_storage.go:81.2,81.19 1 0
github.com/juanmachuca95/ahorcado_go/game/gateway/auth_storage.go:59.16,61.3 1 0
github.com/juanmachuca95/ahorcado_go/game/gateway/auth_storage.go:64.16,66.3 1 0
github.com/juanmachuca95/ahorcado_go/game/gateway/auth_storage.go:71.16,73.3 1 0
github.com/juanmachuca95/ahorcado_go/game/gateway/auth_storage.go:77.16,79.3 1 0
github.com/juanmachuca95/ahorcado_go/game/gateway/game_gateway.go:18.53,20.2 1 0
github.com/juanmachuca95/ahorcado_go/game/gateway/game_gateway.go:22.40,24.2 1 0
github.com/juanmachuca95/ahorcado_go/game/gateway/game_gateway.go:26.47,28.16 2 0
github.com/juanmachuca95/ahorcado_go/game/gateway/game_gateway.go:34.2,34.33 1 0
github.com/juanmachuca95/ahorcado_go/game/gateway/game_gateway.go:50.2,50.18 1 0
github.com/juanmachuca95/ahorcado_go/game/gateway/game_gateway.go:28.16,29.34 1 0
github.com/juanmachuca95/ahorcado_go/game/gateway/game_gateway.go:29.34,31.4 1 0
github.com/juanmachuca95/ahorcado_go/game/gateway/game_gateway.go:34.33,36.17 2 0
github.com/juanmachuca95/ahorcado_go/game/gateway/game_gateway.go:45.3,45.49 1 0
github.com/juanmachuca95/ahorcado_go/game/gateway/game_gateway.go:36.17,38.18 2 0
github.com/juanmachuca95/ahorcado_go/game/gateway/game_gateway.go:42.4,42.20 1 0
github.com/juanmachuca95/ahorcado_go/game/gateway/game_gateway.go:38.18,40.5 1 0
github.com/juanmachuca95/ahorcado_go/game/gateway/game_gateway.go:45.49,47.4 1 0
github.com/juanmachuca95/ahorcado_go/game/gateway/game_gateway.go:53.67,55.2 1 0
